Using pre-set license
Built from '2020.3/staging' branch; Version is '2020.3.18f1 (a7d1c678663c) revision 10998214'; Using compiler version '192528614'; Build Type 'Release'
OS: 'Windows 10 Home; OS build 19044.1415; Version 2009; 64bit' Language: 'zh' Physical Memory: 16205 MB
BatchMode: 1, IsHumanControllingUs: 0, StartBugReporterOnCrash: 0, Is64bit: 1, IsPro: 0

COMMAND LINE ARGUMENTS:
C:\Program Files\Unity\Hub\Editor\2020.3.18f1\Editor\Unity.exe
-adb2
-batchMode
-noUpm
-name
AssetImportWorker0
-projectPath
D:/Unity/Survival-on-a-Deserted-Island/Survival on a Deserted Island/Unity_Land_20210917-main/LittleDinosaur_20210917
-logFile
Logs/AssetImportWorker0.log
-srvPort
53638
Successfully changed project path to: D:/Unity/Survival-on-a-Deserted-Island/Survival on a Deserted Island/Unity_Land_20210917-main/LittleDinosaur_20210917
D:/Unity/Survival-on-a-Deserted-Island/Survival on a Deserted Island/Unity_Land_20210917-main/LittleDinosaur_20210917
Using Asset Import Pipeline V2.
Refreshing native plugins compatible for Editor in 56.39 ms, found 3 plugins.
Preloading 0 native plugins for Editor in 0.00 ms.
Initialize engine version: 2020.3.18f1 (a7d1c678663c)
[Subsystems] Discovering subsystems at path C:/Program Files/Unity/Hub/Editor/2020.3.18f1/Editor/Data/Resources/UnitySubsystems
[Subsystems] Discovering subsystems at path D:/Unity/Survival-on-a-Deserted-Island/Survival on a Deserted Island/Unity_Land_20210917-main/LittleDinosaur_20210917/Assets
GfxDevice: creating device client; threaded=0
Direct3D:
    Version:  Direct3D 11.0 [level 11.1]
    Renderer: NVIDIA GeForce GTX 1650 Ti with Max-Q Design (ID=0x1f95)
    Vendor:   
    VRAM:     3962 MB
    Driver:   30.0.14.9649
Initialize mono
Mono path[0] = 'C:/Program Files/Unity/Hub/Editor/2020.3.18f1/Editor/Data/Managed'
Mono path[1] = 'C:/Program Files/Unity/Hub/Editor/2020.3.18f1/Editor/Data/MonoBleedingEdge/lib/mono/unityjit'
Mono config path = 'C:/Program Files/Unity/Hub/Editor/2020.3.18f1/Editor/Data/MonoBleedingEdge/etc'
Using monoOptions --debugger-agent=transport=dt_socket,embedding=1,server=y,suspend=n,address=127.0.0.1:56396
Begin MonoManager ReloadAssembly
Registering precompiled unity dll's ...
Register platform support module: C:/Program Files/Unity/Hub/Editor/2020.3.18f1/Editor/Data/PlaybackEngines/WebGLSupport/UnityEditor.WebGL.Extensions.dll
Register platform support module: C:/Program Files/Unity/Hub/Editor/2020.3.18f1/Editor/Data/PlaybackEngines/WindowsStandaloneSupport/UnityEditor.WindowsStandalone.Extensions.dll
Registered in 0.003184 seconds.
Native extension for WindowsStandalone target not found
Native extension for WebGL target not found
Refreshing native plugins compatible for Editor in 54.95 ms, found 3 plugins.
Preloading 0 native plugins for Editor in 0.00 ms.
Mono: successfully reloaded assembly
- Completed reload, in  1.965 seconds
Domain Reload Profiling:
	ReloadAssembly (1966ms)
		BeginReloadAssembly (82ms)
			ExecutionOrderSort (0ms)
			DisableScriptedObjects (0ms)
			BackupInstance (0ms)
			ReleaseScriptingObjects (0ms)
			CreateAndSetChildDomain (1ms)
		EndReloadAssembly (437ms)
			LoadAssemblies (80ms)
			RebuildTransferFunctionScriptingTraits (0ms)
			SetupTypeCache (165ms)
			ReleaseScriptCaches (0ms)
			RebuildScriptCaches (27ms)
			SetupLoadedEditorAssemblies (169ms)
				LogAssemblyErrors (0ms)
				InitializePlatformSupportModulesInManaged (5ms)
				SetLoadedEditorAssemblies (0ms)
				RefreshPlugins (55ms)
				BeforeProcessingInitializeOnLoad (16ms)
				ProcessInitializeOnLoadAttributes (69ms)
				ProcessInitializeOnLoadMethodAttributes (24ms)
				AfterProcessingInitializeOnLoad (0ms)
				EditorAssembliesLoaded (0ms)
			ExecutionOrderSort2 (0ms)
			AwakeInstancesAfterBackupRestoration (0ms)
Platform modules already initialized, skipping
Registering precompiled user dll's ...
Registered in 0.006790 seconds.
Begin MonoManager ReloadAssembly
Native extension for WindowsStandalone target not found
Native extension for WebGL target not found
Refreshing native plugins compatible for Editor in 57.25 ms, found 3 plugins.
Preloading 0 native plugins for Editor in 0.00 ms.
Mono: successfully reloaded assembly
- Completed reload, in  1.286 seconds
Domain Reload Profiling:
	ReloadAssembly (1287ms)
		BeginReloadAssembly (164ms)
			ExecutionOrderSort (0ms)
			DisableScriptedObjects (4ms)
			BackupInstance (0ms)
			ReleaseScriptingObjects (0ms)
			CreateAndSetChildDomain (18ms)
		EndReloadAssembly (1057ms)
			LoadAssemblies (129ms)
			RebuildTransferFunctionScriptingTraits (0ms)
			SetupTypeCache (349ms)
			ReleaseScriptCaches (1ms)
			RebuildScriptCaches (58ms)
			SetupLoadedEditorAssemblies (395ms)
				LogAssemblyErrors (0ms)
				InitializePlatformSupportModulesInManaged (6ms)
				SetLoadedEditorAssemblies (0ms)
				RefreshPlugins (57ms)
				BeforeProcessingInitializeOnLoad (90ms)
				ProcessInitializeOnLoadAttributes (210ms)
				ProcessInitializeOnLoadMethodAttributes (22ms)
				AfterProcessingInitializeOnLoad (8ms)
				EditorAssembliesLoaded (0ms)
			ExecutionOrderSort2 (0ms)
			AwakeInstancesAfterBackupRestoration (8ms)
Platform modules already initialized, skipping
========================================================================
Worker process is ready to serve import requests
Launched and connected shader compiler UnityShaderCompiler.exe after 0.09 seconds
Refreshing native plugins compatible for Editor in 0.58 ms, found 3 plugins.
Preloading 0 native plugins for Editor in 0.00 ms.
Unloading 2477 Unused Serialized files (Serialized files now loaded: 0)
System memory in use before: 111.3 MB.
System memory in use after: 111.4 MB.

Unloading 29 unused Assets to reduce memory usage. Loaded Objects now: 2910.
Total: 3.070200 ms (FindLiveObjects: 0.241900 ms CreateObjectMapping: 0.124000 ms MarkObjects: 2.641900 ms  DeleteObjects: 0.061300 ms)

AssetImportParameters requested are different than current active one (requested -> active):
  custom:framework-win-MediaFoundation: 216162199b28c13a410421893ffa2e32 -> 
  custom:video-decoder-ogg-theora: a1e56fd34408186e4bbccfd4996cb3dc -> 
  custom:container-muxer-webm: aa71ff27fc2769a1b78a27578f13a17b -> 
  custom:container-demuxer-webm: 4f35f7cbe854078d1ac9338744f61a02 -> 
  custom:container-demuxer-ogg: 62fdf1f143b41e24485cea50d1cbac27 -> 
  custom:video-encoder-webm-vp8: eb34c28f22e8b96e1ab97ce403110664 -> 
  custom:video-decoder-webm-vp8: 9c59270c3fd7afecdb556c50c9e8de78 -> 
  custom:audio-decoder-ogg-vorbis: bf7c407c2cedff20999df2af8eb42d56 -> 
  custom:audio-encoder-webm-vorbis: bf7c407c2cedff20999df2af8eb42d56 -> 
========================================================================
Received Import Request.
  path: Assets/2.asset
  artifactKey: Guid(d9c18965cc3cf6f4e9ee6d26efad9a51) Importer(815301076,1909f56bfc062723c751e8b465ee728b)
Start importing Assets/2.asset using Guid(d9c18965cc3cf6f4e9ee6d26efad9a51) Importer(815301076,1909f56bfc062723c751e8b465ee728b)  -> (artifact id: 'c2bec41194aaf66b33c9807f0c24d78b') in 0.046375 seconds 
  Import took 0.050136 seconds .

========================================================================
Received Import Request.
  Time since last request: 4.798480 seconds.
  path: Assets/音效/coin02.mp3
  artifactKey: Guid(4a76497a97b2ded4799b57a7c1a541d8) Importer(815301076,1909f56bfc062723c751e8b465ee728b)
Start importing Assets/音效/coin02.mp3 using Guid(4a76497a97b2ded4799b57a7c1a541d8) Importer(815301076,1909f56bfc062723c751e8b465ee728b)  -> (artifact id: '20b1744e29ca9977a92193b3a8bf42cc') in 0.065069 seconds 
  Import took 0.068705 seconds .

========================================================================
Received Import Request.
  Time since last request: 0.000242 seconds.
  path: Assets/音效/jump13.mp3
  artifactKey: Guid(53863b54d93fb19478328a801193bf3a) Importer(815301076,1909f56bfc062723c751e8b465ee728b)
Start importing Assets/音效/jump13.mp3 using Guid(53863b54d93fb19478328a801193bf3a) Importer(815301076,1909f56bfc062723c751e8b465ee728b)  -> (artifact id: '4927f4827511f13db5900db1bb995091') in 0.040547 seconds 
  Import took 0.044233 seconds .

========================================================================
Received Import Request.
  Time since last request: 0.000241 seconds.
  path: Assets/音效/contedefees_0119.mp3
  artifactKey: Guid(1c49f578424b3db4280af0bfb74b98b3) Importer(815301076,1909f56bfc062723c751e8b465ee728b)
Start importing Assets/音效/contedefees_0119.mp3 using Guid(1c49f578424b3db4280af0bfb74b98b3) Importer(815301076,1909f56bfc062723c751e8b465ee728b)  -> (artifact id: 'a30c713f54fd4f33d86a16af544c6fb1') in 0.015072 seconds 
  Import took 0.019403 seconds .

========================================================================
Received Import Request.
  Time since last request: 0.885822 seconds.
  path: Assets/調色盤/TA Ground.prefab
  artifactKey: Guid(f5af57afd0242d548ab46899122fe2c4) Importer(815301076,1909f56bfc062723c751e8b465ee728b)
Start importing Assets/調色盤/TA Ground.prefab using Guid(f5af57afd0242d548ab46899122fe2c4) Importer(815301076,1909f56bfc062723c751e8b465ee728b)  -> (artifact id: '3c07f57d25e01d207c32837523c00e19') in 0.059324 seconds 
  Import took 0.062935 seconds .

========================================================================
Received Import Request.
  Time since last request: 0.000261 seconds.
  path: Assets/調色盤/TX Tileset Ground_10.asset
  artifactKey: Guid(76aa2501d1d6f0c4e8554e600ccd5969) Importer(815301076,1909f56bfc062723c751e8b465ee728b)
Start importing Assets/調色盤/TX Tileset Ground_10.asset using Guid(76aa2501d1d6f0c4e8554e600ccd5969) Importer(815301076,1909f56bfc062723c751e8b465ee728b)  -> (artifact id: 'a188310e07f94e2067e597970aa36d04') in 0.020818 seconds 
  Import took 0.028506 seconds .

========================================================================
Received Import Request.
  Time since last request: 0.000613 seconds.
  path: Assets/調色盤/TX Village Props Wheat B.asset
  artifactKey: Guid(bf4d111b33da3144187b47979cc68068) Importer(815301076,1909f56bfc062723c751e8b465ee728b)
Start importing Assets/調色盤/TX Village Props Wheat B.asset using Guid(bf4d111b33da3144187b47979cc68068) Importer(815301076,1909f56bfc062723c751e8b465ee728b)  -> (artifact id: 'f441d67c6b9884d93789e50f5af5621b') in 0.022005 seconds 
  Import took 0.029178 seconds .

========================================================================
Received Import Request.
  Time since last request: 0.000327 seconds.
  path: Assets/調色盤/TX Village Props Rock B.asset
  artifactKey: Guid(0c950b9028600f948bd8b7e813b65114) Importer(815301076,1909f56bfc062723c751e8b465ee728b)
Start importing Assets/調色盤/TX Village Props Rock B.asset using Guid(0c950b9028600f948bd8b7e813b65114) Importer(815301076,1909f56bfc062723c751e8b465ee728b)  -> (artifact id: '9ad55bf2be7ac7126a3cc0a3cb7d6749') in 0.020406 seconds 
  Import took 0.024497 seconds .

========================================================================
Received Import Request.
  Time since last request: 0.000228 seconds.
  path: Assets/調色盤/TX Village Props Bush A.asset
  artifactKey: Guid(ba953c9d5601ad14888fab689cb7130f) Importer(815301076,1909f56bfc062723c751e8b465ee728b)
Start importing Assets/調色盤/TX Village Props Bush A.asset using Guid(ba953c9d5601ad14888fab689cb7130f) Importer(815301076,1909f56bfc062723c751e8b465ee728b)  -> (artifact id: 'c4d1f5b7da9d925517746f0c5999f66e') in 0.020425 seconds 
  Import took 0.027599 seconds .

========================================================================
Received Import Request.
  Time since last request: 0.000328 seconds.
  path: Assets/調色盤/TX Village Props Wheat C.asset
  artifactKey: Guid(530e2d8ed70dc774da34aa4642a81223) Importer(815301076,1909f56bfc062723c751e8b465ee728b)
Start importing Assets/調色盤/TX Village Props Wheat C.asset using Guid(530e2d8ed70dc774da34aa4642a81223) Importer(815301076,1909f56bfc062723c751e8b465ee728b)  -> (artifact id: '3d20b13d3e545cd4ed95f271d0ba9661') in 0.016956 seconds 
  Import took 0.021333 seconds .

========================================================================
Received Import Request.
  Time since last request: 0.000244 seconds.
  path: Assets/調色盤/TX Tileset Ground_5.asset
  artifactKey: Guid(432806dad0f6a3a49ace637bc03b1ef1) Importer(815301076,1909f56bfc062723c751e8b465ee728b)
Start importing Assets/調色盤/TX Tileset Ground_5.asset using Guid(432806dad0f6a3a49ace637bc03b1ef1) Importer(815301076,1909f56bfc062723c751e8b465ee728b)  -> (artifact id: '22601bf589e6465207ad357a5b37ab63') in 0.014067 seconds 
  Import took 0.018165 seconds .

========================================================================
Received Import Request.
  Time since last request: 0.000251 seconds.
  path: Assets/調色盤/裝飾.prefab
  artifactKey: Guid(6580bddce4c03364d90e5c05fd47fbdb) Importer(815301076,1909f56bfc062723c751e8b465ee728b)
Start importing Assets/調色盤/裝飾.prefab using Guid(6580bddce4c03364d90e5c05fd47fbdb) Importer(815301076,1909f56bfc062723c751e8b465ee728b)  -> (artifact id: 'e2d09cd87de46b0bf926f6e6b781987c') in 0.042171 seconds 
  Import took 0.046356 seconds .

========================================================================
Received Import Request.
  Time since last request: 0.000329 seconds.
  path: Assets/調色盤/TX Tileset Ground_2.asset
  artifactKey: Guid(eb3085d26aa0cbf43a622b5e1d4d0c79) Importer(815301076,1909f56bfc062723c751e8b465ee728b)
Start importing Assets/調色盤/TX Tileset Ground_2.asset using Guid(eb3085d26aa0cbf43a622b5e1d4d0c79) Importer(815301076,1909f56bfc062723c751e8b465ee728b)  -> (artifact id: '7f665bba9765da7b7db075aecc5f5abc') in 0.013555 seconds 
  Import took 0.018340 seconds .

========================================================================
Received Import Request.
  Time since last request: 0.000244 seconds.
  path: Assets/調色盤/TX Tileset Ground_110.asset
  artifactKey: Guid(d5c7797a632211a44908ea926ffd1d97) Importer(815301076,1909f56bfc062723c751e8b465ee728b)
Start importing Assets/調色盤/TX Tileset Ground_110.asset using Guid(d5c7797a632211a44908ea926ffd1d97) Importer(815301076,1909f56bfc062723c751e8b465ee728b)  -> (artifact id: 'ecec4de556fbf4fba1e5bc37187351eb') in 0.017237 seconds 
  Import took 0.021515 seconds .

========================================================================
Received Import Request.
  Time since last request: 0.000469 seconds.
  path: Assets/調色盤/TX Tileset Ground_3.asset
  artifactKey: Guid(430b7c13c1536ea4ca3619e7993394cb) Importer(815301076,1909f56bfc062723c751e8b465ee728b)
Start importing Assets/調色盤/TX Tileset Ground_3.asset using Guid(430b7c13c1536ea4ca3619e7993394cb) Importer(815301076,1909f56bfc062723c751e8b465ee728b)  -> (artifact id: '86692460677f8cf994e3428978e6fa23') in 0.012036 seconds 
  Import took 0.021516 seconds .

========================================================================
Received Import Request.
  Time since last request: 0.000288 seconds.
  path: Assets/調色盤/Tileset_Alien_Floor4.asset
  artifactKey: Guid(5e431006428bb3a4494a3a7357dabe63) Importer(815301076,1909f56bfc062723c751e8b465ee728b)
Start importing Assets/調色盤/Tileset_Alien_Floor4.asset using Guid(5e431006428bb3a4494a3a7357dabe63) Importer(815301076,1909f56bfc062723c751e8b465ee728b)  -> (artifact id: 'c273dd8fc85f5d93f9b4898ab03a8f6b') in 0.006899 seconds 
  Import took 0.011333 seconds .

========================================================================
Received Import Request.
  Time since last request: 0.000332 seconds.
  path: Assets/調色盤/TX Tileset Ground_53.asset
  artifactKey: Guid(7a11275a4f0dc4a46b81a5ae2c4f78e9) Importer(815301076,1909f56bfc062723c751e8b465ee728b)
Start importing Assets/調色盤/TX Tileset Ground_53.asset using Guid(7a11275a4f0dc4a46b81a5ae2c4f78e9) Importer(815301076,1909f56bfc062723c751e8b465ee728b)  -> (artifact id: '5ba370748b380932999e9ea7e15247ad') in 0.019029 seconds 
  Import took 0.025746 seconds .

========================================================================
Received Import Request.
  Time since last request: 0.000383 seconds.
  path: Assets/調色盤/TX Tileset Ground_68.asset
  artifactKey: Guid(159aa54428ebeaf41a2df22a7f0d1dfa) Importer(815301076,1909f56bfc062723c751e8b465ee728b)
Start importing Assets/調色盤/TX Tileset Ground_68.asset using Guid(159aa54428ebeaf41a2df22a7f0d1dfa) Importer(815301076,1909f56bfc062723c751e8b465ee728b)  -> (artifact id: 'd02e54431b6eaadfefcfb546c1af5a42') in 0.011508 seconds 
  Import took 0.016007 seconds .

========================================================================
Received Import Request.
  Time since last request: 0.000338 seconds.
  path: Assets/調色盤/TX Tileset Ground_106.asset
  artifactKey: Guid(43ed6445d027b874d8f4142a01d9508e) Importer(815301076,1909f56bfc062723c751e8b465ee728b)
Start importing Assets/調色盤/TX Tileset Ground_106.asset using Guid(43ed6445d027b874d8f4142a01d9508e) Importer(815301076,1909f56bfc062723c751e8b465ee728b)  -> (artifact id: '0c806e673a864c113e9cb56f135ae42a') in 0.014945 seconds 
  Import took 0.019615 seconds .

========================================================================
Received Import Request.
  Time since last request: 0.000263 seconds.
  path: Assets/調色盤/TX Tileset Ground_44.asset
  artifactKey: Guid(3b9c36b80daf84747a45d0fb175ac7c3) Importer(815301076,1909f56bfc062723c751e8b465ee728b)
Start importing Assets/調色盤/TX Tileset Ground_44.asset using Guid(3b9c36b80daf84747a45d0fb175ac7c3) Importer(815301076,1909f56bfc062723c751e8b465ee728b)  -> (artifact id: '871012b9acbcc8639fcb480ff0682ad1') in 0.012533 seconds 
  Import took 0.016399 seconds .

========================================================================
Received Import Request.
  Time since last request: 0.000253 seconds.
  path: Assets/調色盤/TX Tileset Ground_69.asset
  artifactKey: Guid(ceee868ff6cf4f84c819f34f0bf93561) Importer(815301076,1909f56bfc062723c751e8b465ee728b)
Start importing Assets/調色盤/TX Tileset Ground_69.asset using Guid(ceee868ff6cf4f84c819f34f0bf93561) Importer(815301076,1909f56bfc062723c751e8b465ee728b)  -> (artifact id: '57803f6dab61c0bcd3d78abfe8ddf300') in 0.016382 seconds 
  Import took 0.022720 seconds .

========================================================================
Received Import Request.
  Time since last request: 0.000350 seconds.
  path: Assets/調色盤/TX Village Props Rock A.asset
  artifactKey: Guid(ff47dd250d440074abaf475e6b70e64e) Importer(815301076,1909f56bfc062723c751e8b465ee728b)
Start importing Assets/調色盤/TX Village Props Rock A.asset using Guid(ff47dd250d440074abaf475e6b70e64e) Importer(815301076,1909f56bfc062723c751e8b465ee728b)  -> (artifact id: '99ca8d175dbc985326e4014ca124213c') in 0.021417 seconds 
  Import took 0.025562 seconds .

========================================================================
Received Import Request.
  Time since last request: 0.000224 seconds.
  path: Assets/調色盤/TX Village Props Grass D.asset
  artifactKey: Guid(fca1508241180f7488820d4c32e9c450) Importer(815301076,1909f56bfc062723c751e8b465ee728b)
Start importing Assets/調色盤/TX Village Props Grass D.asset using Guid(fca1508241180f7488820d4c32e9c450) Importer(815301076,1909f56bfc062723c751e8b465ee728b)  -> (artifact id: '437032b91116057a93eacf659fd0380c') in 0.025187 seconds 
  Import took 0.029176 seconds .

========================================================================
Received Import Request.
  Time since last request: 0.000287 seconds.
  path: Assets/調色盤/TX Tileset Ground_6.asset
  artifactKey: Guid(93d3d3533bc069a44820692bf5aa6d36) Importer(815301076,1909f56bfc062723c751e8b465ee728b)
Start importing Assets/調色盤/TX Tileset Ground_6.asset using Guid(93d3d3533bc069a44820692bf5aa6d36) Importer(815301076,1909f56bfc062723c751e8b465ee728b)  -> (artifact id: '439a03e64285c9151f93b59e007f6c30') in 0.014994 seconds 
  Import took 0.019086 seconds .

========================================================================
Received Import Request.
  Time since last request: 0.000253 seconds.
  path: Assets/調色盤/TX Tileset Ground_109.asset
  artifactKey: Guid(d18956b9fb0d37a4fa77c29824abd90c) Importer(815301076,1909f56bfc062723c751e8b465ee728b)
Start importing Assets/調色盤/TX Tileset Ground_109.asset using Guid(d18956b9fb0d37a4fa77c29824abd90c) Importer(815301076,1909f56bfc062723c751e8b465ee728b)  -> (artifact id: 'ea8e9363dae9135c803f80dd8e8de4bf') in 0.018456 seconds 
  Import took 0.024482 seconds .

========================================================================
Received Import Request.
  Time since last request: 0.000368 seconds.
  path: Assets/調色盤/TX Village Props Sunflower C.asset
  artifactKey: Guid(6664e857873a08749b45613335880815) Importer(815301076,1909f56bfc062723c751e8b465ee728b)
Start importing Assets/調色盤/TX Village Props Sunflower C.asset using Guid(6664e857873a08749b45613335880815) Importer(815301076,1909f56bfc062723c751e8b465ee728b)  -> (artifact id: 'e2ddbe5eaa1a52ea30fe836a6d844329') in 0.018267 seconds 
  Import took 0.022760 seconds .

========================================================================
Received Import Request.
  Time since last request: 0.000253 seconds.
  path: Assets/調色盤/TX Tileset Ground_8.asset
  artifactKey: Guid(ab4b488323047954a9a3b4a90bd46e23) Importer(815301076,1909f56bfc062723c751e8b465ee728b)
Start importing Assets/調色盤/TX Tileset Ground_8.asset using Guid(ab4b488323047954a9a3b4a90bd46e23) Importer(815301076,1909f56bfc062723c751e8b465ee728b)  -> (artifact id: 'ec79631abcb9eb7eadfbc3669f91c218') in 0.014202 seconds 
  Import took 0.018121 seconds .

========================================================================
Received Import Request.
  Time since last request: 0.000236 seconds.
  path: Assets/調色盤/TX Tileset Ground_108.asset
  artifactKey: Guid(4618780482997074aac6baa2622334f2) Importer(815301076,1909f56bfc062723c751e8b465ee728b)
Start importing Assets/調色盤/TX Tileset Ground_108.asset using Guid(4618780482997074aac6baa2622334f2) Importer(815301076,1909f56bfc062723c751e8b465ee728b)  -> (artifact id: '0992ee32439894962cff6de960184d4a') in 0.016309 seconds 
  Import took 0.020308 seconds .

========================================================================
Received Import Request.
  Time since last request: 0.000276 seconds.
  path: Assets/調色盤/TX Village Props Bush B.asset
  artifactKey: Guid(c52445413cb50f44385d89e1d369edf2) Importer(815301076,1909f56bfc062723c751e8b465ee728b)
Start importing Assets/調色盤/TX Village Props Bush B.asset using Guid(c52445413cb50f44385d89e1d369edf2) Importer(815301076,1909f56bfc062723c751e8b465ee728b)  -> (artifact id: 'b5fed1530d848ba44701456c21dfd350') in 0.018801 seconds 
  Import took 0.025979 seconds .

========================================================================
Received Import Request.
  Time since last request: 0.000265 seconds.
  path: Assets/調色盤/TX Village Props Wheat A.asset
  artifactKey: Guid(8d8b1ec1f6a1ad649bee3d9aec241299) Importer(815301076,1909f56bfc062723c751e8b465ee728b)
Start importing Assets/調色盤/TX Village Props Wheat A.asset using Guid(8d8b1ec1f6a1ad649bee3d9aec241299) Importer(815301076,1909f56bfc062723c751e8b465ee728b)  -> (artifact id: 'ca5320abc78b4494f61d52abc22b30c7') in 0.014842 seconds 
  Import took 0.018950 seconds .

========================================================================
Received Import Request.
  Time since last request: 0.000252 seconds.
  path: Assets/調色盤/TX Village Props Rock C.asset
  artifactKey: Guid(f2470f7ea917a1b41a1db5a2ea263969) Importer(815301076,1909f56bfc062723c751e8b465ee728b)
Start importing Assets/調色盤/TX Village Props Rock C.asset using Guid(f2470f7ea917a1b41a1db5a2ea263969) Importer(815301076,1909f56bfc062723c751e8b465ee728b)  -> (artifact id: 'cde968a6920b8d386b04e6050fc0b499') in 0.017543 seconds 
  Import took 0.022093 seconds .

========================================================================
Received Import Request.
  Time since last request: 0.000306 seconds.
  path: Assets/調色盤/TX Tileset Ground_18.asset
  artifactKey: Guid(05a04e3c01c9d8e428e609a7d19e621c) Importer(815301076,1909f56bfc062723c751e8b465ee728b)
Start importing Assets/調色盤/TX Tileset Ground_18.asset using Guid(05a04e3c01c9d8e428e609a7d19e621c) Importer(815301076,1909f56bfc062723c751e8b465ee728b)  -> (artifact id: 'd7d5b506d5a07ecb22778f1d53dbd0c0') in 0.015838 seconds 
  Import took 0.022891 seconds .

========================================================================
Received Import Request.
  Time since last request: 0.000295 seconds.
  path: Assets/調色盤/TX Tileset Ground_12.asset
  artifactKey: Guid(7b7799e1c311ea340ae4d5884f9c3655) Importer(815301076,1909f56bfc062723c751e8b465ee728b)
Start importing Assets/調色盤/TX Tileset Ground_12.asset using Guid(7b7799e1c311ea340ae4d5884f9c3655) Importer(815301076,1909f56bfc062723c751e8b465ee728b)  -> (artifact id: '06e72a5737405cdc0f331bb24b49652a') in 0.014061 seconds 
  Import took 0.017867 seconds .

========================================================================
Received Import Request.
  Time since last request: 0.000236 seconds.
  path: Assets/調色盤/TX Tileset Ground_1.asset
  artifactKey: Guid(bf84e9a689a8ffc4fa58953c98285794) Importer(815301076,1909f56bfc062723c751e8b465ee728b)
Start importing Assets/調色盤/TX Tileset Ground_1.asset using Guid(bf84e9a689a8ffc4fa58953c98285794) Importer(815301076,1909f56bfc062723c751e8b465ee728b)  -> (artifact id: 'de4aa1f0b45f24f3b5e1249cdf35fb08') in 0.017178 seconds 
  Import took 0.021674 seconds .

========================================================================
Received Import Request.
  Time since last request: 0.000248 seconds.
  path: Assets/調色盤/TX Tileset Ground_0.asset
  artifactKey: Guid(5c33fa062a09b2a4a80412de253373ad) Importer(815301076,1909f56bfc062723c751e8b465ee728b)
Start importing Assets/調色盤/TX Tileset Ground_0.asset using Guid(5c33fa062a09b2a4a80412de253373ad) Importer(815301076,1909f56bfc062723c751e8b465ee728b)  -> (artifact id: '4adc9bb5557c8307d1a5aa5bd140e275') in 0.015089 seconds 
  Import took 0.021729 seconds .

========================================================================
Received Import Request.
  Time since last request: 0.000661 seconds.
  path: Assets/調色盤/TX Village Props Tree A.asset
  artifactKey: Guid(feca8df235b714048bddbe8f09f428c4) Importer(815301076,1909f56bfc062723c751e8b465ee728b)
Start importing Assets/調色盤/TX Village Props Tree A.asset using Guid(feca8df235b714048bddbe8f09f428c4) Importer(815301076,1909f56bfc062723c751e8b465ee728b)  -> (artifact id: 'cac13427146f530a3e81dd100de76296') in 0.020053 seconds 
  Import took 0.024419 seconds .

========================================================================
Received Import Request.
  Time since last request: 0.000236 seconds.
  path: Assets/調色盤/TX Tileset Ground_9.asset
  artifactKey: Guid(00a0998e12b27ec4cbc9555a766cf593) Importer(815301076,1909f56bfc062723c751e8b465ee728b)
Start importing Assets/調色盤/TX Tileset Ground_9.asset using Guid(00a0998e12b27ec4cbc9555a766cf593) Importer(815301076,1909f56bfc062723c751e8b465ee728b)  -> (artifact id: '944d7a9e7260a986ead64a1d862f4cf1') in 0.017221 seconds 
  Import took 0.020930 seconds .

========================================================================
Received Import Request.
  Time since last request: 0.000400 seconds.
  path: Assets/調色盤/TX Village Props Tree B.asset
  artifactKey: Guid(2b33be6cc80b19e46bb33b72a236c72a) Importer(815301076,1909f56bfc062723c751e8b465ee728b)
Start importing Assets/調色盤/TX Village Props Tree B.asset using Guid(2b33be6cc80b19e46bb33b72a236c72a) Importer(815301076,1909f56bfc062723c751e8b465ee728b)  -> (artifact id: 'df743a8406e4f1887e4dfaa462a5a63f') in 0.021410 seconds 
  Import took 0.027185 seconds .

========================================================================
Received Import Request.
  Time since last request: 0.000253 seconds.
  path: Assets/調色盤/TX Village Props Grass B.asset
  artifactKey: Guid(1de981cda12b10444bf16ecc68193763) Importer(815301076,1909f56bfc062723c751e8b465ee728b)
Start importing Assets/調色盤/TX Village Props Grass B.asset using Guid(1de981cda12b10444bf16ecc68193763) Importer(815301076,1909f56bfc062723c751e8b465ee728b)  -> (artifact id: '9b8f601ee079d567ef0648944844b1dd') in 0.016698 seconds 
  Import took 0.020884 seconds .

========================================================================
Received Import Request.
  Time since last request: 0.000315 seconds.
  path: Assets/調色盤/TX Tileset Ground_11.asset
  artifactKey: Guid(9ed53efdf2f6ee64e802538723cb10d1) Importer(815301076,1909f56bfc062723c751e8b465ee728b)
Start importing Assets/調色盤/TX Tileset Ground_11.asset using Guid(9ed53efdf2f6ee64e802538723cb10d1) Importer(815301076,1909f56bfc062723c751e8b465ee728b)  -> (artifact id: 'fb512507d960e73245e72bfbfa37ced4') in 0.013101 seconds 
  Import took 0.022013 seconds .

========================================================================
Received Import Request.
  Time since last request: 0.000370 seconds.
  path: Assets/調色盤/TX Tileset Ground_91.asset
  artifactKey: Guid(85abb76b7b7d7de45a9877abe3cf46d9) Importer(815301076,1909f56bfc062723c751e8b465ee728b)
Start importing Assets/調色盤/TX Tileset Ground_91.asset using Guid(85abb76b7b7d7de45a9877abe3cf46d9) Importer(815301076,1909f56bfc062723c751e8b465ee728b)  -> (artifact id: '19aa42fae954cf65085571fcbfe6494e') in 0.018899 seconds 
  Import took 0.023830 seconds .

========================================================================
Received Import Request.
  Time since last request: 0.000249 seconds.
  path: Assets/調色盤/TX Tileset Ground_4.asset
  artifactKey: Guid(b8c2bb9462d5cc04896aff7d07e1d0e8) Importer(815301076,1909f56bfc062723c751e8b465ee728b)
Start importing Assets/調色盤/TX Tileset Ground_4.asset using Guid(b8c2bb9462d5cc04896aff7d07e1d0e8) Importer(815301076,1909f56bfc062723c751e8b465ee728b)  -> (artifact id: '40bbb3d13c937b6faa444215e5e10535') in 0.013809 seconds 
  Import took 0.018572 seconds .

========================================================================
Received Import Request.
  Time since last request: 0.000258 seconds.
  path: Assets/調色盤/TX Village Props Wheat D.asset
  artifactKey: Guid(e4114b028d573e54e859eb5b63ebf8a2) Importer(815301076,1909f56bfc062723c751e8b465ee728b)
Start importing Assets/調色盤/TX Village Props Wheat D.asset using Guid(e4114b028d573e54e859eb5b63ebf8a2) Importer(815301076,1909f56bfc062723c751e8b465ee728b)  -> (artifact id: '0b7a561f080cbfc7a7e94e317ceefe72') in 0.019432 seconds 
  Import took 0.025202 seconds .

========================================================================
Received Import Request.
  Time since last request: 0.000497 seconds.
  path: Assets/特效/GetDiamand.prefab
  artifactKey: Guid(aa0643f36105edf4c827429e62d903e4) Importer(815301076,1909f56bfc062723c751e8b465ee728b)
Start importing Assets/特效/GetDiamand.prefab using Guid(aa0643f36105edf4c827429e62d903e4) Importer(815301076,1909f56bfc062723c751e8b465ee728b)  -> (artifact id: '8c8b8d797a6be9bee2ffb9d4718c4871') in 0.126613 seconds 
  Import took 0.130826 seconds .

========================================================================
Received Import Request.
  Time since last request: 0.000247 seconds.
  path: Assets/調色盤/TX Village Props Campfire.asset
  artifactKey: Guid(bf8b75fdc1e90ba4f901977f539b98a0) Importer(815301076,1909f56bfc062723c751e8b465ee728b)
Start importing Assets/調色盤/TX Village Props Campfire.asset using Guid(bf8b75fdc1e90ba4f901977f539b98a0) Importer(815301076,1909f56bfc062723c751e8b465ee728b)  -> (artifact id: '19eb7d125d0242a50656e90326bff38a') in 0.019121 seconds 
  Import took 0.023314 seconds .

========================================================================
Received Import Request.
  Time since last request: 0.000239 seconds.
  path: Assets/調色盤/TX Village Props Grass C.asset
  artifactKey: Guid(67e4ad39828b14b4e905adeddfee40ac) Importer(815301076,1909f56bfc062723c751e8b465ee728b)
Start importing Assets/調色盤/TX Village Props Grass C.asset using Guid(67e4ad39828b14b4e905adeddfee40ac) Importer(815301076,1909f56bfc062723c751e8b465ee728b)  -> (artifact id: 'b9614446f8d529e2a3a66c57b98a9b49') in 0.016956 seconds 
  Import took 0.022287 seconds .

========================================================================
Received Import Request.
  Time since last request: 0.000494 seconds.
  path: Assets/調色盤/TX Village Props Sunflower A.asset
  artifactKey: Guid(f02ef6762aa259f4e895b02762d4924a) Importer(815301076,1909f56bfc062723c751e8b465ee728b)
Start importing Assets/調色盤/TX Village Props Sunflower A.asset using Guid(f02ef6762aa259f4e895b02762d4924a) Importer(815301076,1909f56bfc062723c751e8b465ee728b)  -> (artifact id: '6015badbe7b513efce634ae1b97320bd') in 0.015424 seconds 
  Import took 0.022380 seconds .

========================================================================
Received Import Request.
  Time since last request: 0.000265 seconds.
  path: Assets/調色盤/TX Village Props Grass A.asset
  artifactKey: Guid(0e8ec9e8a68bc8643b3650329ed8c286) Importer(815301076,1909f56bfc062723c751e8b465ee728b)
Start importing Assets/調色盤/TX Village Props Grass A.asset using Guid(0e8ec9e8a68bc8643b3650329ed8c286) Importer(815301076,1909f56bfc062723c751e8b465ee728b)  -> (artifact id: '65fa5cee5d0b1e1e5e55ae1e4522b38b') in 0.017423 seconds 
  Import took 0.021859 seconds .

========================================================================
Received Import Request.
  Time since last request: 0.000253 seconds.
  path: Assets/調色盤/TX Tileset Ground_7.asset
  artifactKey: Guid(e1e1f8931c509984fbf034114e307ff1) Importer(815301076,1909f56bfc062723c751e8b465ee728b)
Start importing Assets/調色盤/TX Tileset Ground_7.asset using Guid(e1e1f8931c509984fbf034114e307ff1) Importer(815301076,1909f56bfc062723c751e8b465ee728b)  -> (artifact id: '6eceead732e82572b7163a5ba41423d8') in 0.015463 seconds 
  Import took 0.020269 seconds .

========================================================================
Received Import Request.
  Time since last request: 0.000377 seconds.
  path: Assets/調色盤/TX Village Props Bush C.asset
  artifactKey: Guid(8a2d23f850e604f49a9af8b673e341cf) Importer(815301076,1909f56bfc062723c751e8b465ee728b)
Start importing Assets/調色盤/TX Village Props Bush C.asset using Guid(8a2d23f850e604f49a9af8b673e341cf) Importer(815301076,1909f56bfc062723c751e8b465ee728b)  -> (artifact id: 'dcfa193174f6842b48d7abd69895601b') in 0.014178 seconds 
  Import took 0.022153 seconds .

========================================================================
Received Import Request.
  Time since last request: 0.000280 seconds.
  path: Assets/調色盤/TX Village Props Wheat E.asset
  artifactKey: Guid(386ee05697ddcd6468f937bd9a3c7273) Importer(815301076,1909f56bfc062723c751e8b465ee728b)
Start importing Assets/調色盤/TX Village Props Wheat E.asset using Guid(386ee05697ddcd6468f937bd9a3c7273) Importer(815301076,1909f56bfc062723c751e8b465ee728b)  -> (artifact id: '8b38e2c6105629d9e7608f72690aa78e') in 0.018097 seconds 
  Import took 0.022159 seconds .

========================================================================
Received Import Request.
  Time since last request: 0.000232 seconds.
  path: Assets/調色盤/TX Village Props Sunflower B.asset
  artifactKey: Guid(0b7e98357c188504ba729a5f815554dd) Importer(815301076,1909f56bfc062723c751e8b465ee728b)
Start importing Assets/調色盤/TX Village Props Sunflower B.asset using Guid(0b7e98357c188504ba729a5f815554dd) Importer(815301076,1909f56bfc062723c751e8b465ee728b)  -> (artifact id: '82904862ba90ed7ad9c47e3891d6c808') in 0.016222 seconds 
  Import took 0.020751 seconds .

========================================================================
Received Import Request.
  Time since last request: 0.000649 seconds.
  path: Assets/調色盤/TX Tileset Ground_145.asset
  artifactKey: Guid(c6849ba00d6b15f4cb4510030724175c) Importer(815301076,1909f56bfc062723c751e8b465ee728b)
Start importing Assets/調色盤/TX Tileset Ground_145.asset using Guid(c6849ba00d6b15f4cb4510030724175c) Importer(815301076,1909f56bfc062723c751e8b465ee728b)  -> (artifact id: 'ff5d7ac84890ede3e92aad150989cb90') in 0.012439 seconds 
  Import took 0.020711 seconds .

========================================================================
Received Import Request.
  Time since last request: 0.000276 seconds.
  path: Assets/調色盤/TX Tileset Ground_67.asset
  artifactKey: Guid(b7731d5c202c9ca4998b3f7b92475b3f) Importer(815301076,1909f56bfc062723c751e8b465ee728b)
Start importing Assets/調色盤/TX Tileset Ground_67.asset using Guid(b7731d5c202c9ca4998b3f7b92475b3f) Importer(815301076,1909f56bfc062723c751e8b465ee728b)  -> (artifact id: '248bd57b53a1a661fe90b9c8f297f9b6') in 0.015382 seconds 
  Import took 0.019537 seconds .

========================================================================
Received Import Request.
  Time since last request: 0.000240 seconds.
  path: Assets/調色盤/TX Tileset Ground_107.asset
  artifactKey: Guid(9fb2238b52de7094b94eb4131699d8b1) Importer(815301076,1909f56bfc062723c751e8b465ee728b)
Start importing Assets/調色盤/TX Tileset Ground_107.asset using Guid(9fb2238b52de7094b94eb4131699d8b1) Importer(815301076,1909f56bfc062723c751e8b465ee728b)  -> (artifact id: '43ead122ade7a6604cfd6a4eaf433d90') in 0.014013 seconds 
  Import took 0.017860 seconds .

========================================================================
Received Import Request.
  Time since last request: 1.904324 seconds.
  path: Assets/場景/遊戲場景.unity
  artifactKey: Guid(618f3dc3375d66646845b6453625a5b2) Importer(815301076,1909f56bfc062723c751e8b465ee728b)
Start importing Assets/場景/遊戲場景.unity using Guid(618f3dc3375d66646845b6453625a5b2) Importer(815301076,1909f56bfc062723c751e8b465ee728b)  -> (artifact id: '015954a820aaba21300e344a0f7dd319') in 0.004104 seconds 
  Import took 0.010021 seconds .

========================================================================
Received Import Request.
  Time since last request: 0.011471 seconds.
  path: Assets/場景/遊戲場景.unity
  artifactKey: Guid(618f3dc3375d66646845b6453625a5b2) Importer(815301076,1909f56bfc062723c751e8b465ee728b)
Start importing Assets/場景/遊戲場景.unity using Guid(618f3dc3375d66646845b6453625a5b2) Importer(815301076,1909f56bfc062723c751e8b465ee728b)  -> (artifact id: '015954a820aaba21300e344a0f7dd319') in 0.008635 seconds 
  Import took 0.013339 seconds .

========================================================================
Received Prepare
Registering precompiled user dll's ...
Registered in 0.007856 seconds.
Begin MonoManager ReloadAssembly
Native extension for WindowsStandalone target not found
Native extension for WebGL target not found
Refreshing native plugins compatible for Editor in 0.53 ms, found 3 plugins.
Preloading 0 native plugins for Editor in 0.00 ms.
Mono: successfully reloaded assembly
- Completed reload, in  1.018 seconds
Domain Reload Profiling:
	ReloadAssembly (1019ms)
		BeginReloadAssembly (136ms)
			ExecutionOrderSort (0ms)
			DisableScriptedObjects (5ms)
			BackupInstance (0ms)
			ReleaseScriptingObjects (0ms)
			CreateAndSetChildDomain (39ms)
		EndReloadAssembly (824ms)
			LoadAssemblies (115ms)
			RebuildTransferFunctionScriptingTraits (0ms)
			SetupTypeCache (294ms)
			ReleaseScriptCaches (1ms)
			RebuildScriptCaches (40ms)
			SetupLoadedEditorAssemblies (296ms)
				LogAssemblyErrors (0ms)
				InitializePlatformSupportModulesInManaged (6ms)
				SetLoadedEditorAssemblies (0ms)
				RefreshPlugins (1ms)
				BeforeProcessingInitializeOnLoad (83ms)
				ProcessInitializeOnLoadAttributes (190ms)
				ProcessInitializeOnLoadMethodAttributes (9ms)
				AfterProcessingInitializeOnLoad (7ms)
				EditorAssembliesLoaded (0ms)
			ExecutionOrderSort2 (0ms)
			AwakeInstancesAfterBackupRestoration (9ms)
Platform modules already initialized, skipping
Refreshing native plugins compatible for Editor in 0.56 ms, found 3 plugins.
Preloading 0 native plugins for Editor in 0.00 ms.
Unloading 2437 Unused Serialized files (Serialized files now loaded: 0)
System memory in use before: 111.2 MB.
System memory in use after: 111.4 MB.

Unloading 20 unused Assets to reduce memory usage. Loaded Objects now: 2946.
Total: 3.033200 ms (FindLiveObjects: 0.263400 ms CreateObjectMapping: 0.153800 ms MarkObjects: 2.579000 ms  DeleteObjects: 0.035800 ms)

AssetImportParameters requested are different than current active one (requested -> active):
  custom:framework-win-MediaFoundation: 216162199b28c13a410421893ffa2e32 -> 
  custom:video-decoder-ogg-theora: a1e56fd34408186e4bbccfd4996cb3dc -> 
  custom:container-muxer-webm: aa71ff27fc2769a1b78a27578f13a17b -> 
  custom:container-demuxer-webm: 4f35f7cbe854078d1ac9338744f61a02 -> 
  custom:container-demuxer-ogg: 62fdf1f143b41e24485cea50d1cbac27 -> 
  custom:video-encoder-webm-vp8: eb34c28f22e8b96e1ab97ce403110664 -> 
  custom:video-decoder-webm-vp8: 9c59270c3fd7afecdb556c50c9e8de78 -> 
  custom:audio-decoder-ogg-vorbis: bf7c407c2cedff20999df2af8eb42d56 -> 
  custom:audio-encoder-webm-vorbis: bf7c407c2cedff20999df2af8eb42d56 -> 
========================================================================
Received Prepare
Registering precompiled user dll's ...
Registered in 0.012308 seconds.
Begin MonoManager ReloadAssembly
Native extension for WindowsStandalone target not found
Native extension for WebGL target not found
Refreshing native plugins compatible for Editor in 0.59 ms, found 3 plugins.
Preloading 0 native plugins for Editor in 0.00 ms.
Mono: successfully reloaded assembly
- Completed reload, in  1.170 seconds
Domain Reload Profiling:
	ReloadAssembly (1171ms)
		BeginReloadAssembly (164ms)
			ExecutionOrderSort (0ms)
			DisableScriptedObjects (9ms)
			BackupInstance (0ms)
			ReleaseScriptingObjects (0ms)
			CreateAndSetChildDomain (46ms)
		EndReloadAssembly (930ms)
			LoadAssemblies (174ms)
			RebuildTransferFunctionScriptingTraits (0ms)
			SetupTypeCache (327ms)
			ReleaseScriptCaches (1ms)
			RebuildScriptCaches (44ms)
			SetupLoadedEditorAssemblies (318ms)
				LogAssemblyErrors (0ms)
				InitializePlatformSupportModulesInManaged (7ms)
				SetLoadedEditorAssemblies (0ms)
				RefreshPlugins (1ms)
				BeforeProcessingInitializeOnLoad (88ms)
				ProcessInitializeOnLoadAttributes (205ms)
				ProcessInitializeOnLoadMethodAttributes (10ms)
				AfterProcessingInitializeOnLoad (7ms)
				EditorAssembliesLoaded (0ms)
			ExecutionOrderSort2 (0ms)
			AwakeInstancesAfterBackupRestoration (9ms)
Platform modules already initialized, skipping
Refreshing native plugins compatible for Editor in 0.57 ms, found 3 plugins.
Preloading 0 native plugins for Editor in 0.00 ms.
Unloading 2437 Unused Serialized files (Serialized files now loaded: 0)
System memory in use before: 111.2 MB.
System memory in use after: 111.4 MB.

Unloading 18 unused Assets to reduce memory usage. Loaded Objects now: 2948.
Total: 3.222400 ms (FindLiveObjects: 0.257500 ms CreateObjectMapping: 0.133100 ms MarkObjects: 2.811000 ms  DeleteObjects: 0.019500 ms)

AssetImportParameters requested are different than current active one (requested -> active):
  custom:framework-win-MediaFoundation: 216162199b28c13a410421893ffa2e32 -> 
  custom:video-decoder-ogg-theora: a1e56fd34408186e4bbccfd4996cb3dc -> 
  custom:container-muxer-webm: aa71ff27fc2769a1b78a27578f13a17b -> 
  custom:container-demuxer-webm: 4f35f7cbe854078d1ac9338744f61a02 -> 
  custom:container-demuxer-ogg: 62fdf1f143b41e24485cea50d1cbac27 -> 
  custom:video-encoder-webm-vp8: eb34c28f22e8b96e1ab97ce403110664 -> 
  custom:video-decoder-webm-vp8: 9c59270c3fd7afecdb556c50c9e8de78 -> 
  custom:audio-decoder-ogg-vorbis: bf7c407c2cedff20999df2af8eb42d56 -> 
  custom:audio-encoder-webm-vorbis: bf7c407c2cedff20999df2af8eb42d56 -> 
========================================================================
Received Import Request.
  Time since last request: 88.925809 seconds.
  path: Assets/素材/setofont.ttf
  artifactKey: Guid(20f01aa54c7849c46b09f87803c4c04e) Importer(815301076,1909f56bfc062723c751e8b465ee728b)
Start importing Assets/素材/setofont.ttf using Guid(20f01aa54c7849c46b09f87803c4c04e) Importer(815301076,1909f56bfc062723c751e8b465ee728b)  -> (artifact id: '4b9c7e5990aa5e9b5d20e19928f58a03') in 0.093780 seconds 
  Import took 0.097940 seconds .

========================================================================
Received Import Request.
  Time since last request: 0.931774 seconds.
  path: Assets/預製件/gem-1.prefab
  artifactKey: Guid(4ad54b4c7f0c3ee4abe1bdccf1c2d684) Importer(815301076,1909f56bfc062723c751e8b465ee728b)
Start importing Assets/預製件/gem-1.prefab using Guid(4ad54b4c7f0c3ee4abe1bdccf1c2d684) Importer(815301076,1909f56bfc062723c751e8b465ee728b)  -> (artifact id: 'bc9c67c333b2ae89aa36df331e6a529a') in 0.031929 seconds 
  Import took 0.035462 seconds .

AssetImportWorkerClient::OnTransportError - code=2 error=End of file
